  [1m[35m (805.4ms)[0m  [1m[35mCREATE DATABASE "MusicApp_development" ENCODING = 'unicode'[0m
  ↳ bin/rails:9
  [1m[35m (302.2ms)[0m  [1m[35mCREATE DATABASE "MusicApp_test" ENCODING = 'unicode'[0m
  ↳ bin/rails:9
  [1m[35m (354.3ms)[0m  [1m[35mCREATE TABLE "schema_migrations" ("version" character varying NOT NULL PRIMARY KEY)[0m
  ↳ bin/rails:9
  [1m[35m (63.6ms)[0m  [1m[35mCREATE TABLE "ar_internal_metadata" ("key" character varying NOT NULL PRIMARY KEY, "value" character varying, "created_at" timestamp NOT NULL, "updated_at" timestamp NOT NULL)[0m
  ↳ bin/rails:9
  [1m[35m (7.3ms)[0m  [1m[34mSELECT pg_try_advisory_lock(1555902080779534005)[0m
  ↳ bin/rails:9
  [1m[35m (14.4ms)[0m  [1m[34mSELECT "schema_migrations"."version" FROM "schema_migrations" ORDER BY "schema_migrations"."version" ASC[0m
  ↳ bin/rails:9
Migrating to CreateUsers (20181220141846)
  [1m[35m (0.4ms)[0m  [1m[34mSELECT pg_advisory_unlock(1555902080779534005)[0m
  ↳ bin/rails:9
  [1m[35m (0.2ms)[0m  [1m[34mSELECT pg_try_advisory_lock(1555902080779534005)[0m
  ↳ bin/rails:9
  [1m[35m (0.9ms)[0m  [1m[34mSELECT "schema_migrations"."version" FROM "schema_migrations" ORDER BY "schema_migrations"."version" ASC[0m
  ↳ bin/rails:9
Migrating to CreateUsers (20181220141846)
  [1m[35m (15.1ms)[0m  [1m[35mBEGIN[0m
  ↳ bin/rails:9
  [1m[35m (140.3ms)[0m  [1m[35mCREATE TABLE "users" ("id" bigserial primary key, "email" character varying NOT NULL, "password_digest" character varying NOT NULL, "session_token" character varying NOT NULL, "created_at" timestamp NOT NULL, "updated_at" timestamp NOT NULL)[0m
  ↳ db/migrate/20181220141846_create_users.rb:3
  [1m[35m (16.2ms)[0m  [1m[35mCREATE UNIQUE INDEX  "index_users_on_email" ON "users"  ("email")[0m
  ↳ db/migrate/20181220141846_create_users.rb:10
  [1m[35m (1.2ms)[0m  [1m[35mCREATE UNIQUE INDEX  "index_users_on_session_token" ON "users"  ("session_token")[0m
  ↳ db/migrate/20181220141846_create_users.rb:11
  [1m[36mActiveRecord::SchemaMigration Create (26.4ms)[0m  [1m[32mINSERT INTO "schema_migrations" ("version") VALUES ($1) RETURNING "version"[0m  [["version", "20181220141846"]]
  ↳ bin/rails:9
  [1m[35m (0.8ms)[0m  [1m[35mCOMMIT[0m
  ↳ bin/rails:9
  [1m[36mActiveRecord::InternalMetadata Load (6.8ms)[0m  [1m[34mSELECT  "ar_internal_metadata".* FROM "ar_internal_metadata" WHERE "ar_internal_metadata"."key" = $1 LIMIT $2[0m  [["key", "environment"], ["LIMIT", 1]]
  ↳ bin/rails:9
  [1m[35m (0.2ms)[0m  [1m[35mBEGIN[0m
  ↳ bin/rails:9
  [1m[36mActiveRecord::InternalMetadata Create (1.2ms)[0m  [1m[32mINSERT INTO "ar_internal_metadata" ("key", "value", "created_at", "updated_at") VALUES ($1, $2, $3, $4) RETURNING "key"[0m  [["key", "environment"], ["value", "development"], ["created_at", "2018-12-20 14:27:29.873379"], ["updated_at", "2018-12-20 14:27:29.873379"]]
  ↳ bin/rails:9
  [1m[35m (0.5ms)[0m  [1m[35mCOMMIT[0m
  ↳ bin/rails:9
  [1m[35m (0.3ms)[0m  [1m[34mSELECT pg_advisory_unlock(1555902080779534005)[0m
  ↳ bin/rails:9
  [1m[35m (0.6ms)[0m  [1m[34mSELECT "schema_migrations"."version" FROM "schema_migrations" ORDER BY "schema_migrations"."version" ASC[0m
  ↳ bin/rails:9
Started GET "/users" for 127.0.0.1 at 2018-12-20 10:36:42 -0500
  [1m[35m (2.1ms)[0m  [1m[34mSELECT "schema_migrations"."version" FROM "schema_migrations" ORDER BY "schema_migrations"."version" ASC[0m
  ↳ /Users/aa/.rbenv/versions/2.5.1/lib/ruby/gems/2.5.0/gems/activerecord-5.2.2/lib/active_record/log_subscriber.rb:98
  
ActionController::RoutingError (No route matches [GET] "/users"):
  
actionpack (5.2.2) lib/action_dispatch/middleware/debug_exceptions.rb:65:in `call'
web-console (3.7.0) lib/web_console/middleware.rb:135:in `call_app'
web-console (3.7.0) lib/web_console/middleware.rb:30:in `block in call'
web-console (3.7.0) lib/web_console/middleware.rb:20:in `catch'
web-console (3.7.0) lib/web_console/middleware.rb:20:in `call'
actionpack (5.2.2) lib/action_dispatch/middleware/show_exceptions.rb:33:in `call'
railties (5.2.2) lib/rails/rack/logger.rb:38:in `call_app'
railties (5.2.2) lib/rails/rack/logger.rb:26:in `block in call'
activesupport (5.2.2) lib/active_support/tagged_logging.rb:71:in `block in tagged'
activesupport (5.2.2) lib/active_support/tagged_logging.rb:28:in `tagged'
activesupport (5.2.2) lib/active_support/tagged_logging.rb:71:in `tagged'
railties (5.2.2) lib/rails/rack/logger.rb:26:in `call'
sprockets-rails (3.2.1) lib/sprockets/rails/quiet_assets.rb:13:in `call'
actionpack (5.2.2) lib/action_dispatch/middleware/remote_ip.rb:81:in `call'
actionpack (5.2.2) lib/action_dispatch/middleware/request_id.rb:27:in `call'
rack (2.0.6) lib/rack/method_override.rb:22:in `call'
rack (2.0.6) lib/rack/runtime.rb:22:in `call'
activesupport (5.2.2) lib/active_support/cache/strategy/local_cache_middleware.rb:29:in `call'
actionpack (5.2.2) lib/action_dispatch/middleware/executor.rb:14:in `call'
actionpack (5.2.2) lib/action_dispatch/middleware/static.rb:127:in `call'
rack (2.0.6) lib/rack/sendfile.rb:111:in `call'
railties (5.2.2) lib/rails/engine.rb:524:in `call'
puma (3.12.0) lib/puma/configuration.rb:225:in `call'
puma (3.12.0) lib/puma/server.rb:658:in `handle_request'
puma (3.12.0) lib/puma/server.rb:472:in `process_client'
puma (3.12.0) lib/puma/server.rb:332:in `block in run'
puma (3.12.0) lib/puma/thread_pool.rb:133:in `block in spawn_thread'
Started GET "/users/new" for 127.0.0.1 at 2018-12-20 10:37:28 -0500
Processing by UsersController#new as HTML
  Rendering users/new.html.erb within layouts/application
  Rendered users/new.html.erb within layouts/application (256.6ms)
Completed 500 Internal Server Error in 278ms (ActiveRecord: 0.0ms)



NameError - undefined local variable or method `form_authentication_token' for #<#<Class:0x00007fc1f90ac3b0>:0x00007fc1f7684b90>
Did you mean?  form_authenticity_token:
  app/views/users/new.html.erb:5:in `_app_views_users_new_html_erb__1766878134466186337_70235541846740'
  app/controllers/users_controller.rb:4:in `new'

Started POST "/__better_errors/0c9276299e8f900f/variables" for 127.0.0.1 at 2018-12-20 10:37:29 -0500
Started GET "/users/new" for 127.0.0.1 at 2018-12-20 10:38:25 -0500
Processing by UsersController#new as HTML
  Rendering users/new.html.erb within layouts/application
  Rendered users/new.html.erb within layouts/application (459.7ms)
Completed 500 Internal Server Error in 465ms (ActiveRecord: 0.0ms)



NameError - undefined local variable or method `auth_token' for #<#<Class:0x00007fc1f90ac3b0>:0x00007fc1f6159810>:
  app/views/users/new.html.erb:5:in `_app_views_users_new_html_erb__1766878134466186337_70235517010560'
  app/controllers/users_controller.rb:4:in `new'

Started POST "/__better_errors/552cf733e350ff07/variables" for 127.0.0.1 at 2018-12-20 10:38:25 -0500
Started GET "/users/new" for 127.0.0.1 at 2018-12-20 10:38:45 -0500
Processing by UsersController#new as HTML
  Rendering users/new.html.erb within layouts/application
  Rendered users/new.html.erb within layouts/application (416.5ms)
Completed 500 Internal Server Error in 423ms (ActiveRecord: 0.0ms)



NameError - undefined local variable or method `auth_token' for #<#<Class:0x00007fc1f90ac3b0>:0x00007fc1f4e93168>:
  app/views/users/new.html.erb:5:in `_app_views_users_new_html_erb__1766878134466186337_70235507167040'
  app/controllers/users_controller.rb:4:in `new'

Started POST "/__better_errors/b6f37877e76b42c3/variables" for 127.0.0.1 at 2018-12-20 10:38:46 -0500
Started GET "/users/new" for 127.0.0.1 at 2018-12-20 10:40:03 -0500
Processing by UsersController#new as HTML
  Rendering users/new.html.erb within layouts/application
  Rendered users/new.html.erb within layouts/application (21.9ms)
Completed 500 Internal Server Error in 27ms (ActiveRecord: 0.0ms)



NoMethodError - undefined method `email' for nil:NilClass:
  app/views/users/new.html.erb:7:in `_app_views_users_new_html_erb__1766878134466186337_70235506074200'
  app/controllers/users_controller.rb:4:in `new'

Started POST "/__better_errors/dedfad8723ded2f5/variables" for 127.0.0.1 at 2018-12-20 10:40:03 -0500
Started GET "/users/new" for 127.0.0.1 at 2018-12-20 10:40:53 -0500
Processing by UsersController#new as HTML
  Rendering users/new.html.erb within layouts/application
  Rendered users/new.html.erb within layouts/application (0.7ms)
Completed 200 OK in 818ms (Views: 776.1ms | ActiveRecord: 7.4ms)


Started POST "/users" for 127.0.0.1 at 2018-12-20 10:41:12 -0500
Processing by UsersController#create as HTML
  Parameters: {"authenticity_token"=>"oBlN15Sg/iwmXHTNqXfC8R22Vu2o3g1d9LoossCgECrU4yQlSbgjZPkGANVLYGHkNdqUJGPboi629xtrTtkpyg==", "user"=>{"email"=>"m@gmail.com", "password"=>"[FILTERED]"}}
Redirected to http://localhost:3000/users
Completed 302 Found in 1ms (ActiveRecord: 0.0ms)


Started GET "/users" for 127.0.0.1 at 2018-12-20 10:41:12 -0500
  
ActionController::RoutingError (No route matches [GET] "/users"):
  
actionpack (5.2.2) lib/action_dispatch/middleware/debug_exceptions.rb:65:in `call'
web-console (3.7.0) lib/web_console/middleware.rb:135:in `call_app'
web-console (3.7.0) lib/web_console/middleware.rb:30:in `block in call'
web-console (3.7.0) lib/web_console/middleware.rb:20:in `catch'
web-console (3.7.0) lib/web_console/middleware.rb:20:in `call'
actionpack (5.2.2) lib/action_dispatch/middleware/show_exceptions.rb:33:in `call'
railties (5.2.2) lib/rails/rack/logger.rb:38:in `call_app'
railties (5.2.2) lib/rails/rack/logger.rb:26:in `block in call'
activesupport (5.2.2) lib/active_support/tagged_logging.rb:71:in `block in tagged'
activesupport (5.2.2) lib/active_support/tagged_logging.rb:28:in `tagged'
activesupport (5.2.2) lib/active_support/tagged_logging.rb:71:in `tagged'
railties (5.2.2) lib/rails/rack/logger.rb:26:in `call'
sprockets-rails (3.2.1) lib/sprockets/rails/quiet_assets.rb:13:in `call'
actionpack (5.2.2) lib/action_dispatch/middleware/remote_ip.rb:81:in `call'
actionpack (5.2.2) lib/action_dispatch/middleware/request_id.rb:27:in `call'
rack (2.0.6) lib/rack/method_override.rb:22:in `call'
rack (2.0.6) lib/rack/runtime.rb:22:in `call'
activesupport (5.2.2) lib/active_support/cache/strategy/local_cache_middleware.rb:29:in `call'
actionpack (5.2.2) lib/action_dispatch/middleware/executor.rb:14:in `call'
actionpack (5.2.2) lib/action_dispatch/middleware/static.rb:127:in `call'
rack (2.0.6) lib/rack/sendfile.rb:111:in `call'
railties (5.2.2) lib/rails/engine.rb:524:in `call'
puma (3.12.0) lib/puma/configuration.rb:225:in `call'
puma (3.12.0) lib/puma/server.rb:658:in `handle_request'
puma (3.12.0) lib/puma/server.rb:472:in `process_client'
puma (3.12.0) lib/puma/server.rb:332:in `block in run'
puma (3.12.0) lib/puma/thread_pool.rb:133:in `block in spawn_thread'
Started GET "/user" for 127.0.0.1 at 2018-12-20 10:42:11 -0500
  
ActionController::RoutingError (No route matches [GET] "/user"):
  
actionpack (5.2.2) lib/action_dispatch/middleware/debug_exceptions.rb:65:in `call'
web-console (3.7.0) lib/web_console/middleware.rb:135:in `call_app'
web-console (3.7.0) lib/web_console/middleware.rb:30:in `block in call'
web-console (3.7.0) lib/web_console/middleware.rb:20:in `catch'
web-console (3.7.0) lib/web_console/middleware.rb:20:in `call'
actionpack (5.2.2) lib/action_dispatch/middleware/show_exceptions.rb:33:in `call'
railties (5.2.2) lib/rails/rack/logger.rb:38:in `call_app'
railties (5.2.2) lib/rails/rack/logger.rb:26:in `block in call'
activesupport (5.2.2) lib/active_support/tagged_logging.rb:71:in `block in tagged'
activesupport (5.2.2) lib/active_support/tagged_logging.rb:28:in `tagged'
activesupport (5.2.2) lib/active_support/tagged_logging.rb:71:in `tagged'
railties (5.2.2) lib/rails/rack/logger.rb:26:in `call'
sprockets-rails (3.2.1) lib/sprockets/rails/quiet_assets.rb:13:in `call'
actionpack (5.2.2) lib/action_dispatch/middleware/remote_ip.rb:81:in `call'
actionpack (5.2.2) lib/action_dispatch/middleware/request_id.rb:27:in `call'
rack (2.0.6) lib/rack/method_override.rb:22:in `call'
rack (2.0.6) lib/rack/runtime.rb:22:in `call'
activesupport (5.2.2) lib/active_support/cache/strategy/local_cache_middleware.rb:29:in `call'
actionpack (5.2.2) lib/action_dispatch/middleware/executor.rb:14:in `call'
actionpack (5.2.2) lib/action_dispatch/middleware/static.rb:127:in `call'
rack (2.0.6) lib/rack/sendfile.rb:111:in `call'
railties (5.2.2) lib/rails/engine.rb:524:in `call'
puma (3.12.0) lib/puma/configuration.rb:225:in `call'
puma (3.12.0) lib/puma/server.rb:658:in `handle_request'
puma (3.12.0) lib/puma/server.rb:472:in `process_client'
puma (3.12.0) lib/puma/server.rb:332:in `block in run'
puma (3.12.0) lib/puma/thread_pool.rb:133:in `block in spawn_thread'
Started GET "/session" for 127.0.0.1 at 2018-12-20 10:43:03 -0500
  
ActionController::RoutingError (No route matches [GET] "/session"):
  
actionpack (5.2.2) lib/action_dispatch/middleware/debug_exceptions.rb:65:in `call'
web-console (3.7.0) lib/web_console/middleware.rb:135:in `call_app'
web-console (3.7.0) lib/web_console/middleware.rb:30:in `block in call'
web-console (3.7.0) lib/web_console/middleware.rb:20:in `catch'
web-console (3.7.0) lib/web_console/middleware.rb:20:in `call'
actionpack (5.2.2) lib/action_dispatch/middleware/show_exceptions.rb:33:in `call'
railties (5.2.2) lib/rails/rack/logger.rb:38:in `call_app'
railties (5.2.2) lib/rails/rack/logger.rb:26:in `block in call'
activesupport (5.2.2) lib/active_support/tagged_logging.rb:71:in `block in tagged'
activesupport (5.2.2) lib/active_support/tagged_logging.rb:28:in `tagged'
activesupport (5.2.2) lib/active_support/tagged_logging.rb:71:in `tagged'
railties (5.2.2) lib/rails/rack/logger.rb:26:in `call'
sprockets-rails (3.2.1) lib/sprockets/rails/quiet_assets.rb:13:in `call'
actionpack (5.2.2) lib/action_dispatch/middleware/remote_ip.rb:81:in `call'
actionpack (5.2.2) lib/action_dispatch/middleware/request_id.rb:27:in `call'
rack (2.0.6) lib/rack/method_override.rb:22:in `call'
rack (2.0.6) lib/rack/runtime.rb:22:in `call'
activesupport (5.2.2) lib/active_support/cache/strategy/local_cache_middleware.rb:29:in `call'
actionpack (5.2.2) lib/action_dispatch/middleware/executor.rb:14:in `call'
actionpack (5.2.2) lib/action_dispatch/middleware/static.rb:127:in `call'
rack (2.0.6) lib/rack/sendfile.rb:111:in `call'
railties (5.2.2) lib/rails/engine.rb:524:in `call'
puma (3.12.0) lib/puma/configuration.rb:225:in `call'
puma (3.12.0) lib/puma/server.rb:658:in `handle_request'
puma (3.12.0) lib/puma/server.rb:472:in `process_client'
puma (3.12.0) lib/puma/server.rb:332:in `block in run'
puma (3.12.0) lib/puma/thread_pool.rb:133:in `block in spawn_thread'
Started GET "/session/new" for 127.0.0.1 at 2018-12-20 10:43:11 -0500
Processing by SessionsController#new as HTML
  Rendering sessions/new.html.erb within layouts/application
  Rendered sessions/new.html.erb within layouts/application (2.8ms)
Completed 500 Internal Server Error in 9ms (ActiveRecord: 0.0ms)



ActionController::UrlGenerationError - No route matches {:action=>"show", :controller=>"users"}, missing required keys: [:id]:
  app/views/sessions/new.html.erb:3:in `_app_views_sessions_new_html_erb__1471639148246379336_70235517722660'

Started POST "/__better_errors/219ff59c0fba1fef/variables" for 127.0.0.1 at 2018-12-20 10:43:12 -0500
Started GET "/session/new" for 127.0.0.1 at 2018-12-20 10:46:43 -0500
Processing by SessionsController#new as HTML
  Rendering sessions/new.html.erb within layouts/application
  Rendered sessions/new.html.erb within layouts/application (357.5ms)
Completed 500 Internal Server Error in 364ms (ActiveRecord: 0.0ms)



NameError - undefined local variable or method `auth_token' for #<#<Class:0x00007fc1f62a77d0>:0x00007fc1fb68bf40>:
  app/views/sessions/new.html.erb:4:in `_app_views_sessions_new_html_erb__1471639148246379336_70235555939500'

Started POST "/__better_errors/faea104f6cc8caa2/variables" for 127.0.0.1 at 2018-12-20 10:46:44 -0500
Started GET "/session/new" for 127.0.0.1 at 2018-12-20 10:47:03 -0500
Processing by SessionsController#new as HTML
  Rendering sessions/new.html.erb within layouts/application
  Rendered sessions/new.html.erb within layouts/application (3.2ms)
Completed 500 Internal Server Error in 10ms (ActiveRecord: 0.0ms)



NoMethodError - undefined method `email' for nil:NilClass:
  app/views/sessions/new.html.erb:7:in `_app_views_sessions_new_html_erb__1471639148246379336_70235528129220'

Started POST "/__better_errors/e9062b6ad21158d2/variables" for 127.0.0.1 at 2018-12-20 10:47:03 -0500
Started GET "/session/new" for 127.0.0.1 at 2018-12-20 10:47:42 -0500
Processing by SessionsController#new as HTML
  Rendering sessions/new.html.erb within layouts/application
  Rendered sessions/new.html.erb within layouts/application (0.5ms)
Completed 200 OK in 32ms (Views: 13.4ms | ActiveRecord: 11.4ms)


Started GET "/session/new" for 127.0.0.1 at 2018-12-20 10:48:03 -0500
Processing by SessionsController#new as HTML
  Rendering sessions/new.html.erb within layouts/application
  Rendered sessions/new.html.erb within layouts/application (0.5ms)
Completed 200 OK in 20ms (Views: 19.2ms | ActiveRecord: 0.0ms)


Started POST "/session" for 127.0.0.1 at 2018-12-20 10:48:12 -0500
Processing by SessionsController#create as HTML
  Parameters: {"authenticity_token"=>"vVPHtsk5rMX7fFBBc+Kq6R9tRA6oHCZtK88U0tFDrHnJqa5EFCFxjSQmJFmR9Qn8NwGGx2MZiR5pgicLXzqVmQ==", "user"=>{"email"=>"m@gmail.com", "password"=>"[FILTERED]"}}
No template found for SessionsController#create, rendering head :no_content
Completed 204 No Content in 72ms (ActiveRecord: 0.0ms)


Started POST "/session" for 127.0.0.1 at 2018-12-20 10:48:14 -0500
Processing by SessionsController#create as HTML
  Parameters: {"authenticity_token"=>"vVPHtsk5rMX7fFBBc+Kq6R9tRA6oHCZtK88U0tFDrHnJqa5EFCFxjSQmJFmR9Qn8NwGGx2MZiR5pgicLXzqVmQ==", "user"=>{"email"=>"m@gmail.com", "password"=>"[FILTERED]"}}
No template found for SessionsController#create, rendering head :no_content
Completed 204 No Content in 68ms (ActiveRecord: 0.0ms)


Started GET "/user/new" for 127.0.0.1 at 2018-12-20 10:48:32 -0500
  
ActionController::RoutingError (No route matches [GET] "/user/new"):
  
actionpack (5.2.2) lib/action_dispatch/middleware/debug_exceptions.rb:65:in `call'
web-console (3.7.0) lib/web_console/middleware.rb:135:in `call_app'
web-console (3.7.0) lib/web_console/middleware.rb:30:in `block in call'
web-console (3.7.0) lib/web_console/middleware.rb:20:in `catch'
web-console (3.7.0) lib/web_console/middleware.rb:20:in `call'
actionpack (5.2.2) lib/action_dispatch/middleware/show_exceptions.rb:33:in `call'
railties (5.2.2) lib/rails/rack/logger.rb:38:in `call_app'
railties (5.2.2) lib/rails/rack/logger.rb:26:in `block in call'
activesupport (5.2.2) lib/active_support/tagged_logging.rb:71:in `block in tagged'
activesupport (5.2.2) lib/active_support/tagged_logging.rb:28:in `tagged'
activesupport (5.2.2) lib/active_support/tagged_logging.rb:71:in `tagged'
railties (5.2.2) lib/rails/rack/logger.rb:26:in `call'
sprockets-rails (3.2.1) lib/sprockets/rails/quiet_assets.rb:13:in `call'
actionpack (5.2.2) lib/action_dispatch/middleware/remote_ip.rb:81:in `call'
actionpack (5.2.2) lib/action_dispatch/middleware/request_id.rb:27:in `call'
rack (2.0.6) lib/rack/method_override.rb:22:in `call'
rack (2.0.6) lib/rack/runtime.rb:22:in `call'
activesupport (5.2.2) lib/active_support/cache/strategy/local_cache_middleware.rb:29:in `call'
actionpack (5.2.2) lib/action_dispatch/middleware/executor.rb:14:in `call'
actionpack (5.2.2) lib/action_dispatch/middleware/static.rb:127:in `call'
rack (2.0.6) lib/rack/sendfile.rb:111:in `call'
railties (5.2.2) lib/rails/engine.rb:524:in `call'
puma (3.12.0) lib/puma/configuration.rb:225:in `call'
puma (3.12.0) lib/puma/server.rb:658:in `handle_request'
puma (3.12.0) lib/puma/server.rb:472:in `process_client'
puma (3.12.0) lib/puma/server.rb:332:in `block in run'
puma (3.12.0) lib/puma/thread_pool.rb:133:in `block in spawn_thread'
Started GET "/users/new" for 127.0.0.1 at 2018-12-20 10:48:45 -0500
Processing by UsersController#new as HTML
  Rendering users/new.html.erb within layouts/application
  Rendered users/new.html.erb within layouts/application (0.6ms)
Completed 200 OK in 21ms (Views: 18.8ms | ActiveRecord: 0.0ms)


Started GET "/users/new" for 127.0.0.1 at 2018-12-20 10:49:08 -0500
Processing by UsersController#new as HTML
  Rendering users/new.html.erb within layouts/application
  Rendered users/new.html.erb within layouts/application (0.5ms)
Completed 200 OK in 20ms (Views: 19.2ms | ActiveRecord: 0.0ms)


Started GET "/session/new" for 127.0.0.1 at 2018-12-20 10:49:14 -0500
Processing by SessionsController#new as HTML
  Rendering sessions/new.html.erb within layouts/application
  Rendered sessions/new.html.erb within layouts/application (0.5ms)
Completed 200 OK in 23ms (Views: 22.1ms | ActiveRecord: 0.0ms)


Started GET "/session/new" for 127.0.0.1 at 2018-12-20 11:17:11 -0500
Processing by SessionsController#new as HTML
  Rendering sessions/new.html.erb within layouts/application
  Rendered sessions/new.html.erb within layouts/application (1.0ms)
Completed 200 OK in 105ms (Views: 57.4ms | ActiveRecord: 10.0ms)


Started GET "/session" for 127.0.0.1 at 2018-12-20 11:17:19 -0500
  
ActionController::RoutingError (No route matches [GET] "/session"):
  
actionpack (5.2.2) lib/action_dispatch/middleware/debug_exceptions.rb:65:in `call'
web-console (3.7.0) lib/web_console/middleware.rb:135:in `call_app'
web-console (3.7.0) lib/web_console/middleware.rb:30:in `block in call'
web-console (3.7.0) lib/web_console/middleware.rb:20:in `catch'
web-console (3.7.0) lib/web_console/middleware.rb:20:in `call'
actionpack (5.2.2) lib/action_dispatch/middleware/show_exceptions.rb:33:in `call'
railties (5.2.2) lib/rails/rack/logger.rb:38:in `call_app'
railties (5.2.2) lib/rails/rack/logger.rb:26:in `block in call'
activesupport (5.2.2) lib/active_support/tagged_logging.rb:71:in `block in tagged'
activesupport (5.2.2) lib/active_support/tagged_logging.rb:28:in `tagged'
activesupport (5.2.2) lib/active_support/tagged_logging.rb:71:in `tagged'
railties (5.2.2) lib/rails/rack/logger.rb:26:in `call'
sprockets-rails (3.2.1) lib/sprockets/rails/quiet_assets.rb:13:in `call'
actionpack (5.2.2) lib/action_dispatch/middleware/remote_ip.rb:81:in `call'
actionpack (5.2.2) lib/action_dispatch/middleware/request_id.rb:27:in `call'
rack (2.0.6) lib/rack/method_override.rb:22:in `call'
rack (2.0.6) lib/rack/runtime.rb:22:in `call'
activesupport (5.2.2) lib/active_support/cache/strategy/local_cache_middleware.rb:29:in `call'
actionpack (5.2.2) lib/action_dispatch/middleware/executor.rb:14:in `call'
actionpack (5.2.2) lib/action_dispatch/middleware/static.rb:127:in `call'
rack (2.0.6) lib/rack/sendfile.rb:111:in `call'
railties (5.2.2) lib/rails/engine.rb:524:in `call'
puma (3.12.0) lib/puma/configuration.rb:225:in `call'
puma (3.12.0) lib/puma/server.rb:658:in `handle_request'
puma (3.12.0) lib/puma/server.rb:472:in `process_client'
puma (3.12.0) lib/puma/server.rb:332:in `block in run'
puma (3.12.0) lib/puma/thread_pool.rb:133:in `block in spawn_thread'
Started GET "/session/new" for 127.0.0.1 at 2018-12-20 11:17:39 -0500
Processing by SessionsController#new as HTML
  Rendering sessions/new.html.erb within layouts/application
  Rendered sessions/new.html.erb within layouts/application (0.8ms)
Completed 200 OK in 77ms (Views: 74.5ms | ActiveRecord: 0.0ms)


Started GET "/session/new" for 127.0.0.1 at 2018-12-20 11:18:06 -0500
Processing by SessionsController#new as HTML
  Rendering sessions/new.html.erb within layouts/application
  Rendered sessions/new.html.erb within layouts/application (1.0ms)
Completed 200 OK in 25ms (Views: 24.7ms | ActiveRecord: 0.0ms)


Started GET "/users" for 127.0.0.1 at 2018-12-20 11:18:07 -0500
  
ActionController::RoutingError (No route matches [GET] "/users"):
  
actionpack (5.2.2) lib/action_dispatch/middleware/debug_exceptions.rb:65:in `call'
web-console (3.7.0) lib/web_console/middleware.rb:135:in `call_app'
web-console (3.7.0) lib/web_console/middleware.rb:30:in `block in call'
web-console (3.7.0) lib/web_console/middleware.rb:20:in `catch'
web-console (3.7.0) lib/web_console/middleware.rb:20:in `call'
actionpack (5.2.2) lib/action_dispatch/middleware/show_exceptions.rb:33:in `call'
railties (5.2.2) lib/rails/rack/logger.rb:38:in `call_app'
railties (5.2.2) lib/rails/rack/logger.rb:26:in `block in call'
activesupport (5.2.2) lib/active_support/tagged_logging.rb:71:in `block in tagged'
activesupport (5.2.2) lib/active_support/tagged_logging.rb:28:in `tagged'
activesupport (5.2.2) lib/active_support/tagged_logging.rb:71:in `tagged'
railties (5.2.2) lib/rails/rack/logger.rb:26:in `call'
sprockets-rails (3.2.1) lib/sprockets/rails/quiet_assets.rb:13:in `call'
actionpack (5.2.2) lib/action_dispatch/middleware/remote_ip.rb:81:in `call'
actionpack (5.2.2) lib/action_dispatch/middleware/request_id.rb:27:in `call'
rack (2.0.6) lib/rack/method_override.rb:22:in `call'
rack (2.0.6) lib/rack/runtime.rb:22:in `call'
activesupport (5.2.2) lib/active_support/cache/strategy/local_cache_middleware.rb:29:in `call'
actionpack (5.2.2) lib/action_dispatch/middleware/executor.rb:14:in `call'
actionpack (5.2.2) lib/action_dispatch/middleware/static.rb:127:in `call'
rack (2.0.6) lib/rack/sendfile.rb:111:in `call'
railties (5.2.2) lib/rails/engine.rb:524:in `call'
puma (3.12.0) lib/puma/configuration.rb:225:in `call'
puma (3.12.0) lib/puma/server.rb:658:in `handle_request'
puma (3.12.0) lib/puma/server.rb:472:in `process_client'
puma (3.12.0) lib/puma/server.rb:332:in `block in run'
puma (3.12.0) lib/puma/thread_pool.rb:133:in `block in spawn_thread'
Started GET "/session/new" for 127.0.0.1 at 2018-12-20 11:19:29 -0500
Processing by SessionsController#new as HTML
  Rendering sessions/new.html.erb within layouts/application
  Rendered sessions/new.html.erb within layouts/application (0.7ms)
Completed 500 Internal Server Error in 550ms (ActiveRecord: 0.0ms)



NameError - undefined local variable or method `user' for #<#<Class:0x00007fc1f4cb4018>:0x00007fc1f5218540>
Did you mean?  @user:
  app/views/layouts/application.html.erb:14:in `_app_views_layouts_application_html_erb___631086083625498315_70235508995020'
  app/controllers/sessions_controller.rb:5:in `new'

Started POST "/__better_errors/2a0fddc8ac85aa73/variables" for 127.0.0.1 at 2018-12-20 11:19:30 -0500
Started POST "/__better_errors/2a0fddc8ac85aa73/variables" for 127.0.0.1 at 2018-12-20 11:19:44 -0500
Started GET "/session/new" for 127.0.0.1 at 2018-12-20 11:19:49 -0500
Processing by SessionsController#new as HTML
  Rendering sessions/new.html.erb within layouts/application
  Rendered sessions/new.html.erb within layouts/application (0.6ms)
Completed 500 Internal Server Error in 80ms (ActiveRecord: 0.0ms)



ActionController::UrlGenerationError - No route matches {:action=>"show", :controller=>"users", :id=>nil}, missing required keys: [:id]:
  app/views/layouts/application.html.erb:14:in `_app_views_layouts_application_html_erb___631086083625498315_70235560262740'
  app/controllers/sessions_controller.rb:5:in `new'

Started POST "/__better_errors/e6a6d92df895ff35/variables" for 127.0.0.1 at 2018-12-20 11:19:49 -0500
Started GET "/session/new" for 127.0.0.1 at 2018-12-20 11:20:11 -0500
Processing by SessionsController#new as HTML
  Rendering sessions/new.html.erb within layouts/application
  Rendered sessions/new.html.erb within layouts/application (0.9ms)
Completed 500 Internal Server Error in 26ms (ActiveRecord: 0.0ms)



ActionController::UrlGenerationError - No route matches {:action=>"show", :controller=>"users", :id=>nil}, missing required keys: [:id]:
  app/views/layouts/application.html.erb:14:in `_app_views_layouts_application_html_erb___631086083625498315_70235558424060'
  app/controllers/sessions_controller.rb:5:in `new'

Started POST "/__better_errors/d15ea9069b98febe/variables" for 127.0.0.1 at 2018-12-20 11:20:11 -0500
Started GET "/session/new" for 127.0.0.1 at 2018-12-20 11:27:42 -0500
Processing by SessionsController#new as HTML
  Rendering sessions/new.html.erb within layouts/application
  Rendered sessions/new.html.erb within layouts/application (0.6ms)
Completed 500 Internal Server Error in 265ms (ActiveRecord: 0.0ms)



NoMethodError - undefined method `logged_in?' for #<#<Class:0x00007fc1f4cb4018>:0x00007fc1fac0a6c0>
Did you mean?  logger?:
  app/views/layouts/application.html.erb:15:in `_app_views_layouts_application_html_erb___631086083625498315_70235556164740'
  app/controllers/sessions_controller.rb:5:in `new'

Started POST "/__better_errors/d213ca59d6d9c9b8/variables" for 127.0.0.1 at 2018-12-20 11:27:42 -0500
Started GET "/session/new" for 127.0.0.1 at 2018-12-20 11:33:43 -0500
Processing by SessionsController#new as HTML
  Rendering sessions/new.html.erb within layouts/application
  Rendered sessions/new.html.erb within layouts/application (1.2ms)
Completed 500 Internal Server Error in 350ms (ActiveRecord: 9.9ms)



NoMethodError - undefined method `logged_in?' for #<#<Class:0x00007fc1fa9909a8>:0x00007fc1f4efaf70>
Did you mean?  logger?:
  app/views/layouts/application.html.erb:15:in `_app_views_layouts_application_html_erb___631086083625498315_70235554872160'
  app/controllers/sessions_controller.rb:5:in `new'

Started POST "/__better_errors/5f0d0eb03c7b0cd3/variables" for 127.0.0.1 at 2018-12-20 11:33:44 -0500
Started POST "/__better_errors/5f0d0eb03c7b0cd3/variables" for 127.0.0.1 at 2018-12-20 11:34:02 -0500
Started GET "/session/new" for 127.0.0.1 at 2018-12-20 11:34:36 -0500
Processing by SessionsController#new as HTML
  Rendering sessions/new.html.erb within layouts/application
  Rendered sessions/new.html.erb within layouts/application (0.8ms)
  [1m[36mUser Load (25.5ms)[0m  [1m[34mSELECT  "users".* FROM "users" WHERE "users"."session_token" IS NULL LIMIT $1[0m  [["LIMIT", 1]]
  ↳ app/controllers/application_controller.rb:5
Completed 200 OK in 129ms (Views: 67.6ms | ActiveRecord: 32.7ms)


Started GET "/session/new" for 127.0.0.1 at 2018-12-20 11:34:39 -0500
Processing by SessionsController#new as HTML
  Rendering sessions/new.html.erb within layouts/application
  Rendered sessions/new.html.erb within layouts/application (0.7ms)
  [1m[36mUser Load (0.4ms)[0m  [1m[34mSELECT  "users".* FROM "users" WHERE "users"."session_token" IS NULL LIMIT $1[0m  [["LIMIT", 1]]
  ↳ app/controllers/application_controller.rb:5
Completed 200 OK in 23ms (Views: 21.5ms | ActiveRecord: 0.4ms)


Started GET "/users/new" for 127.0.0.1 at 2018-12-20 11:34:41 -0500

SyntaxError - syntax error, unexpected tLABEL
...r.errors.full_messages, status: 422
...                        ^~~~~~~:
  app/controllers/users_controller.rb:15:in `'

Started POST "/__better_errors/d9f46c89f0e2d3ff/variables" for 127.0.0.1 at 2018-12-20 11:34:41 -0500
Started GET "/users/new" for 127.0.0.1 at 2018-12-20 11:35:27 -0500

SyntaxError - syntax error, unexpected tLABEL
...r.errors.full_messages, status: :unprocessable_entity
...                        ^~~~~~~:
  app/controllers/users_controller.rb:15:in `'

Started POST "/__better_errors/66cedb21d7b8a3df/variables" for 127.0.0.1 at 2018-12-20 11:35:27 -0500
Started GET "/users/new" for 127.0.0.1 at 2018-12-20 11:35:53 -0500

SyntaxError - syntax error, unexpected tLABEL
...r.errors.full_messages, status: :unprocessable_entity
...                        ^~~~~~~:
  app/controllers/users_controller.rb:15:in `'

Started POST "/__better_errors/3be091c6e7dc7d58/variables" for 127.0.0.1 at 2018-12-20 11:35:54 -0500
Started GET "/users/new" for 127.0.0.1 at 2018-12-20 11:36:40 -0500
Processing by UsersController#new as HTML
  Rendering users/new.html.erb within layouts/application
  Rendered users/new.html.erb within layouts/application (0.6ms)
  [1m[36mUser Load (0.5ms)[0m  [1m[34mSELECT  "users".* FROM "users" WHERE "users"."session_token" IS NULL LIMIT $1[0m  [["LIMIT", 1]]
  ↳ app/controllers/application_controller.rb:5
Completed 200 OK in 105ms (Views: 90.8ms | ActiveRecord: 6.5ms)


Started GET "/session/new" for 127.0.0.1 at 2018-12-20 11:36:42 -0500
Processing by SessionsController#new as HTML
  Rendering sessions/new.html.erb within layouts/application
  Rendered sessions/new.html.erb within layouts/application (0.7ms)
  [1m[36mUser Load (0.5ms)[0m  [1m[34mSELECT  "users".* FROM "users" WHERE "users"."session_token" IS NULL LIMIT $1[0m  [["LIMIT", 1]]
  ↳ app/controllers/application_controller.rb:5
Completed 200 OK in 24ms (Views: 22.6ms | ActiveRecord: 0.5ms)


Started GET "/users/new" for 127.0.0.1 at 2018-12-20 11:36:43 -0500
Processing by UsersController#new as HTML
  Rendering users/new.html.erb within layouts/application
  Rendered users/new.html.erb within layouts/application (0.9ms)
  [1m[36mUser Load (0.6ms)[0m  [1m[34mSELECT  "users".* FROM "users" WHERE "users"."session_token" IS NULL LIMIT $1[0m  [["LIMIT", 1]]
  ↳ app/controllers/application_controller.rb:5
Completed 200 OK in 27ms (Views: 24.9ms | ActiveRecord: 0.6ms)


Started GET "/session/new" for 127.0.0.1 at 2018-12-20 11:36:45 -0500
Processing by SessionsController#new as HTML
  Rendering sessions/new.html.erb within layouts/application
  Rendered sessions/new.html.erb within layouts/application (1.1ms)
  [1m[36mUser Load (0.5ms)[0m  [1m[34mSELECT  "users".* FROM "users" WHERE "users"."session_token" IS NULL LIMIT $1[0m  [["LIMIT", 1]]
  ↳ app/controllers/application_controller.rb:5
Completed 200 OK in 25ms (Views: 23.5ms | ActiveRecord: 0.5ms)


Started GET "/users/new" for 127.0.0.1 at 2018-12-20 11:36:45 -0500
Processing by UsersController#new as HTML
  Rendering users/new.html.erb within layouts/application
  Rendered users/new.html.erb within layouts/application (1.0ms)
  [1m[36mUser Load (0.9ms)[0m  [1m[34mSELECT  "users".* FROM "users" WHERE "users"."session_token" IS NULL LIMIT $1[0m  [["LIMIT", 1]]
  ↳ app/controllers/application_controller.rb:5
Completed 200 OK in 27ms (Views: 25.7ms | ActiveRecord: 0.9ms)


Started POST "/users" for 127.0.0.1 at 2018-12-20 11:36:53 -0500
Processing by UsersController#create as HTML
  Parameters: {"authenticity_token"=>"rV55zgKRhQVfIhABVsHY8p181zLLiveM9VQuzE8favvZpBA834lYTYB4ZBm01nvntRAV+wCPWP+3GR0VwWZTGw==", "user"=>{"email"=>"m@gmail.com", "password"=>"[FILTERED]"}}
Completed 500 Internal Server Error in 12ms (ActiveRecord: 0.0ms)



NameError - uninitialized constant User::BCrypt:
  app/models/user.rb:27:in `password='
  app/controllers/users_controller.rb:10:in `create'

Started POST "/__better_errors/ce1d1ce12f980b00/variables" for 127.0.0.1 at 2018-12-20 11:36:53 -0500
Started POST "/users" for 127.0.0.1 at 2018-12-20 11:38:48 -0500
Processing by UsersController#create as HTML
  Parameters: {"authenticity_token"=>"1EpTpNWMLLyUla14jmiJRgn5Io7RR93rpVorxDJlmwOgsDpWCJTx9EvP2WBsfypTIZXgRxpCcpjnFxgdvByi4w==", "user"=>{"email"=>"m@gmail.com", "password"=>"[FILTERED]"}}
Completed 500 Internal Server Error in 25ms (ActiveRecord: 5.9ms)



NameError - uninitialized constant User::BCrypt:
  app/models/user.rb:27:in `password='
  app/controllers/users_controller.rb:10:in `create'

Started POST "/__better_errors/dec22fdbe89d77ed/variables" for 127.0.0.1 at 2018-12-20 11:38:48 -0500
Started POST "/users" for 127.0.0.1 at 2018-12-20 11:39:37 -0500
  [1m[35m (14.9ms)[0m  [1m[34mSELECT "schema_migrations"."version" FROM "schema_migrations" ORDER BY "schema_migrations"."version" ASC[0m
  ↳ /Users/aa/.rbenv/versions/2.5.1/lib/ruby/gems/2.5.0/gems/activerecord-5.2.2/lib/active_record/log_subscriber.rb:98
Processing by UsersController#create as HTML
  Parameters: {"authenticity_token"=>"1EpTpNWMLLyUla14jmiJRgn5Io7RR93rpVorxDJlmwOgsDpWCJTx9EvP2WBsfypTIZXgRxpCcpjnFxgdvByi4w==", "user"=>{"email"=>"m@gmail.com", "password"=>"[FILTERED]"}}
  [1m[35m (0.2ms)[0m  [1m[35mBEGIN[0m
  ↳ app/controllers/users_controller.rb:11
  [1m[36mUser Exists (1.0ms)[0m  [1m[34mSELECT  1 AS one FROM "users" WHERE "users"."email" = $1 LIMIT $2[0m  [["email", "m@gmail.com"], ["LIMIT", 1]]
  ↳ app/controllers/users_controller.rb:11
  [1m[36mUser Exists (0.4ms)[0m  [1m[34mSELECT  1 AS one FROM "users" WHERE "users"."session_token" = $1 LIMIT $2[0m  [["session_token", "aGK2YQCLD5eYQ14H8yc1Cg"], ["LIMIT", 1]]
  ↳ app/controllers/users_controller.rb:11
  [1m[36mUser Create (1.2ms)[0m  [1m[32mINSERT INTO "users" ("email", "password_digest", "session_token", "created_at", "updated_at") VALUES ($1, $2, $3, $4, $5) RETURNING "id"[0m  [["email", "m@gmail.com"], ["password_digest", "$2a$10$xG3F9PFvq1IzADXGYNAJa.IYW.RhZEnKohtW7/XLdQL4jntJDiSbu"], ["session_token", "aGK2YQCLD5eYQ14H8yc1Cg"], ["created_at", "2018-12-20 16:39:38.014364"], ["updated_at", "2018-12-20 16:39:38.014364"]]
  ↳ app/controllers/users_controller.rb:11
  [1m[35m (0.7ms)[0m  [1m[35mCOMMIT[0m
  ↳ app/controllers/users_controller.rb:11
  [1m[35m (0.1ms)[0m  [1m[35mBEGIN[0m
  ↳ app/models/user.rb:17
  [1m[36mUser Exists (0.7ms)[0m  [1m[34mSELECT  1 AS one FROM "users" WHERE "users"."email" = $1 AND "users"."id" != $2 LIMIT $3[0m  [["email", "m@gmail.com"], ["id", 1], ["LIMIT", 1]]
  ↳ app/models/user.rb:17
  [1m[36mUser Exists (0.5ms)[0m  [1m[34mSELECT  1 AS one FROM "users" WHERE "users"."session_token" = $1 AND "users"."id" != $2 LIMIT $3[0m  [["session_token", "fMh5Nfxuw9Rz9l3HwaPEsg"], ["id", 1], ["LIMIT", 1]]
  ↳ app/models/user.rb:17
  [1m[36mUser Update (30.6ms)[0m  [1m[33mUPDATE "users" SET "session_token" = $1, "updated_at" = $2 WHERE "users"."id" = $3[0m  [["session_token", "fMh5Nfxuw9Rz9l3HwaPEsg"], ["updated_at", "2018-12-20 16:39:38.036908"], ["id", 1]]
  ↳ app/models/user.rb:17
  [1m[35m (0.5ms)[0m  [1m[35mCOMMIT[0m
  ↳ app/models/user.rb:17
Redirected to http://localhost:3000/users/1
Completed 302 Found in 193ms (ActiveRecord: 43.6ms)


Started GET "/users/1" for 127.0.0.1 at 2018-12-20 11:39:38 -0500
Processing by UsersController#show as HTML
  Parameters: {"id"=>"1"}
Completed 406 Not Acceptable in 73ms (ActiveRecord: 0.0ms)



ActionController::UnknownFormat - UsersController#show is missing a template for this request format and variant.

request.formats: ["text/html"]
request.variant: []

NOTE! For XHR/Ajax or API requests, this action would normally respond with 204 No Content: an empty white screen. Since you're loading it in a web browser, we assume that you expected to actually render a template, not nothing, so we're showing an error to be extra-clear. If you expect 204 No Content, carry on. That's what you'll get from an XHR or API request. Give it a shot.:

Started POST "/__better_errors/0f25be11c131f956/variables" for 127.0.0.1 at 2018-12-20 11:39:38 -0500
Started POST "/users" for 127.0.0.1 at 2018-12-20 11:43:59 -0500
Processing by UsersController#create as HTML
  Parameters: {"authenticity_token"=>"1EpTpNWMLLyUla14jmiJRgn5Io7RR93rpVorxDJlmwOgsDpWCJTx9EvP2WBsfypTIZXgRxpCcpjnFxgdvByi4w==", "user"=>{"email"=>"m@gmail.com", "password"=>"[FILTERED]"}}
  [1m[35m (0.2ms)[0m  [1m[35mBEGIN[0m
  ↳ app/controllers/users_controller.rb:11
  [1m[36mUser Exists (18.6ms)[0m  [1m[34mSELECT  1 AS one FROM "users" WHERE "users"."email" = $1 LIMIT $2[0m  [["email", "m@gmail.com"], ["LIMIT", 1]]
  ↳ app/controllers/users_controller.rb:11
  [1m[36mUser Exists (0.6ms)[0m  [1m[34mSELECT  1 AS one FROM "users" WHERE "users"."session_token" = $1 LIMIT $2[0m  [["session_token", "N9JpswTaFl22gaWPu8Yzew"], ["LIMIT", 1]]
  ↳ app/controllers/users_controller.rb:11
  [1m[35m (17.3ms)[0m  [1m[31mROLLBACK[0m
  ↳ app/controllers/users_controller.rb:11
  Rendering users/new.html.erb within layouts/application
  Rendered users/new.html.erb within layouts/application (1.4ms)
  [1m[36mUser Load (6.7ms)[0m  [1m[34mSELECT  "users".* FROM "users" WHERE "users"."session_token" = $1 LIMIT $2[0m  [["session_token", "fMh5Nfxuw9Rz9l3HwaPEsg"], ["LIMIT", 1]]
  ↳ app/controllers/application_controller.rb:5
Completed 500 Internal Server Error in 1112ms (ActiveRecord: 51.2ms)



NameError - undefined local variable or method `form_aunthenticity_token' for #<#<Class:0x00007ff8c98aa588>:0x00007ff8c4436fb0>
Did you mean?  form_authenticity_token:
  app/views/layouts/application.html.erb:18:in `_app_views_layouts_application_html_erb__1523094089040905562_70353211710800'
  app/controllers/users_controller.rb:16:in `create'

Started POST "/__better_errors/99b604c68a10a69c/variables" for 127.0.0.1 at 2018-12-20 11:44:01 -0500
Started POST "/users" for 127.0.0.1 at 2018-12-20 11:44:32 -0500
Processing by UsersController#create as HTML
  Parameters: {"authenticity_token"=>"1EpTpNWMLLyUla14jmiJRgn5Io7RR93rpVorxDJlmwOgsDpWCJTx9EvP2WBsfypTIZXgRxpCcpjnFxgdvByi4w==", "user"=>{"email"=>"m@gmail.com", "password"=>"[FILTERED]"}}
  [1m[35m (0.2ms)[0m  [1m[35mBEGIN[0m
  ↳ app/controllers/users_controller.rb:11
  [1m[36mUser Exists (0.5ms)[0m  [1m[34mSELECT  1 AS one FROM "users" WHERE "users"."email" = $1 LIMIT $2[0m  [["email", "m@gmail.com"], ["LIMIT", 1]]
  ↳ app/controllers/users_controller.rb:11
  [1m[36mUser Exists (0.5ms)[0m  [1m[34mSELECT  1 AS one FROM "users" WHERE "users"."session_token" = $1 LIMIT $2[0m  [["session_token", "1obaZkUa1HznCjAhBZQQ9Q"], ["LIMIT", 1]]
  ↳ app/controllers/users_controller.rb:11
  [1m[35m (0.2ms)[0m  [1m[31mROLLBACK[0m
  ↳ app/controllers/users_controller.rb:11
  Rendering users/new.html.erb within layouts/application
  Rendered users/new.html.erb within layouts/application (0.6ms)
  [1m[36mUser Load (0.7ms)[0m  [1m[34mSELECT  "users".* FROM "users" WHERE "users"."session_token" = $1 LIMIT $2[0m  [["session_token", "fMh5Nfxuw9Rz9l3HwaPEsg"], ["LIMIT", 1]]
  ↳ app/controllers/application_controller.rb:5
Completed 200 OK in 237ms (Views: 151.5ms | ActiveRecord: 2.1ms)


Started POST "/users" for 127.0.0.1 at 2018-12-20 11:44:44 -0500
Processing by UsersController#create as HTML
  Parameters: {"authenticity_token"=>"R01cWV7W9FFC7ZZWuISbcFHTX4gFfHy1+r7TPPl0NyAztzWrg84pGZ234k5akzhleb+dQc5508a48+Dldw0OwA==", "user"=>{"email"=>"mi@gmail.com", "password"=>"[FILTERED]"}}
  [1m[35m (0.2ms)[0m  [1m[35mBEGIN[0m
  ↳ app/controllers/users_controller.rb:11
  [1m[36mUser Exists (0.5ms)[0m  [1m[34mSELECT  1 AS one FROM "users" WHERE "users"."email" = $1 LIMIT $2[0m  [["email", "mi@gmail.com"], ["LIMIT", 1]]
  ↳ app/controllers/users_controller.rb:11
  [1m[36mUser Exists (0.4ms)[0m  [1m[34mSELECT  1 AS one FROM "users" WHERE "users"."session_token" = $1 LIMIT $2[0m  [["session_token", "Rn8ad9w1oA5mBwqLMYyFdw"], ["LIMIT", 1]]
  ↳ app/controllers/users_controller.rb:11
  [1m[36mUser Create (0.6ms)[0m  [1m[32mINSERT INTO "users" ("email", "password_digest", "session_token", "created_at", "updated_at") VALUES ($1, $2, $3, $4, $5) RETURNING "id"[0m  [["email", "mi@gmail.com"], ["password_digest", "$2a$10$.94rCwcUEXwvaTGHomIC9eFBI2QjDrwWmJDV09mWhuVzIOaURJRQm"], ["session_token", "Rn8ad9w1oA5mBwqLMYyFdw"], ["created_at", "2018-12-20 16:44:44.432897"], ["updated_at", "2018-12-20 16:44:44.432897"]]
  ↳ app/controllers/users_controller.rb:11
  [1m[35m (46.1ms)[0m  [1m[35mCOMMIT[0m
  ↳ app/controllers/users_controller.rb:11
  [1m[35m (0.2ms)[0m  [1m[35mBEGIN[0m
  ↳ app/models/user.rb:17
  [1m[36mUser Exists (0.5ms)[0m  [1m[34mSELECT  1 AS one FROM "users" WHERE "users"."email" = $1 AND "users"."id" != $2 LIMIT $3[0m  [["email", "mi@gmail.com"], ["id", 2], ["LIMIT", 1]]
  ↳ app/models/user.rb:17
  [1m[36mUser Exists (0.4ms)[0m  [1m[34mSELECT  1 AS one FROM "users" WHERE "users"."session_token" = $1 AND "users"."id" != $2 LIMIT $3[0m  [["session_token", "8jwDT5UMYJSRcb5WuaGWHw"], ["id", 2], ["LIMIT", 1]]
  ↳ app/models/user.rb:17
  [1m[36mUser Update (0.4ms)[0m  [1m[33mUPDATE "users" SET "session_token" = $1, "updated_at" = $2 WHERE "users"."id" = $3[0m  [["session_token", "8jwDT5UMYJSRcb5WuaGWHw"], ["updated_at", "2018-12-20 16:44:44.483902"], ["id", 2]]
  ↳ app/models/user.rb:17
  [1m[35m (0.5ms)[0m  [1m[35mCOMMIT[0m
  ↳ app/models/user.rb:17
Redirected to http://localhost:3000/users/2
Completed 302 Found in 138ms (ActiveRecord: 49.8ms)


Started GET "/users/2" for 127.0.0.1 at 2018-12-20 11:44:44 -0500
Processing by UsersController#show as HTML
  Parameters: {"id"=>"2"}
  [1m[36mUser Load (0.4ms)[0m  [1m[34mSELECT  "users".* FROM "users" WHERE "users"."id" = $1 LIMIT $2[0m  [["id", 2], ["LIMIT", 1]]
  ↳ app/controllers/users_controller.rb:21
  Rendering users/show.html.erb within layouts/application
  Rendered users/show.html.erb within layouts/application (570.4ms)
Completed 500 Internal Server Error in 594ms (ActiveRecord: 0.4ms)



NameError - undefined local variable or method `user' for #<#<Class:0x00007ff8c98aa588>:0x00007ff8c594e970>
Did you mean?  @user:
  app/views/users/show.html.erb:1:in `_app_views_users_show_html_erb__3553552161170566747_70353221713120'
  app/controllers/users_controller.rb:22:in `show'

Started POST "/__better_errors/7e5f43016edde136/variables" for 127.0.0.1 at 2018-12-20 11:44:45 -0500
Started GET "/users/2" for 127.0.0.1 at 2018-12-20 11:45:00 -0500
Processing by UsersController#show as HTML
  Parameters: {"id"=>"2"}
  [1m[36mUser Load (0.4ms)[0m  [1m[34mSELECT  "users".* FROM "users" WHERE "users"."id" = $1 LIMIT $2[0m  [["id", 2], ["LIMIT", 1]]
  ↳ app/controllers/users_controller.rb:21
  Rendering users/show.html.erb within layouts/application
  Rendered users/show.html.erb within layouts/application (0.4ms)
  [1m[36mUser Load (0.4ms)[0m  [1m[34mSELECT  "users".* FROM "users" WHERE "users"."session_token" = $1 LIMIT $2[0m  [["session_token", "8jwDT5UMYJSRcb5WuaGWHw"], ["LIMIT", 1]]
  ↳ app/controllers/application_controller.rb:5
Completed 200 OK in 37ms (Views: 34.9ms | ActiveRecord: 0.9ms)


Started GET "/users/2" for 127.0.0.1 at 2018-12-20 11:45:33 -0500
Processing by UsersController#show as HTML
  Parameters: {"id"=>"2"}
  [1m[36mUser Load (0.4ms)[0m  [1m[34mSELECT  "users".* FROM "users" WHERE "users"."id" = $1 LIMIT $2[0m  [["id", 2], ["LIMIT", 1]]
  ↳ app/controllers/users_controller.rb:21
  Rendering users/show.html.erb within layouts/application
  Rendered users/show.html.erb within layouts/application (0.4ms)
  [1m[36mUser Load (0.5ms)[0m  [1m[34mSELECT  "users".* FROM "users" WHERE "users"."session_token" = $1 LIMIT $2[0m  [["session_token", "8jwDT5UMYJSRcb5WuaGWHw"], ["LIMIT", 1]]
  ↳ app/controllers/application_controller.rb:5
Completed 200 OK in 16ms (Views: 13.6ms | ActiveRecord: 0.9ms)


Started DELETE "/session" for 127.0.0.1 at 2018-12-20 11:45:49 -0500
Processing by SessionsController#destroy as HTML
  Parameters: {"authenticity_token"=>"2cIbueyLw34LhNC2A6AN7ujBQOWM4WO8ftS/w7mwt8KtOHJLMZMeNtTepK7ht677wK2CLEfkzM88mYwaN8mOIg=="}
  [1m[36mUser Load (0.4ms)[0m  [1m[34mSELECT  "users".* FROM "users" WHERE "users"."session_token" = $1 LIMIT $2[0m  [["session_token", "8jwDT5UMYJSRcb5WuaGWHw"], ["LIMIT", 1]]
  ↳ app/controllers/application_controller.rb:5
  [1m[35m (0.1ms)[0m  [1m[35mBEGIN[0m
  ↳ app/models/user.rb:17
  [1m[36mUser Exists (0.5ms)[0m  [1m[34mSELECT  1 AS one FROM "users" WHERE "users"."email" = $1 AND "users"."id" != $2 LIMIT $3[0m  [["email", "mi@gmail.com"], ["id", 2], ["LIMIT", 1]]
  ↳ app/models/user.rb:17
  [1m[36mUser Exists (0.4ms)[0m  [1m[34mSELECT  1 AS one FROM "users" WHERE "users"."session_token" = $1 AND "users"."id" != $2 LIMIT $3[0m  [["session_token", "2DyEbVfezs2bD8wDxXDGow"], ["id", 2], ["LIMIT", 1]]
  ↳ app/models/user.rb:17
  [1m[36mUser Update (0.5ms)[0m  [1m[33mUPDATE "users" SET "session_token" = $1, "updated_at" = $2 WHERE "users"."id" = $3[0m  [["session_token", "2DyEbVfezs2bD8wDxXDGow"], ["updated_at", "2018-12-20 16:45:49.660863"], ["id", 2]]
  ↳ app/models/user.rb:17
  [1m[35m (0.5ms)[0m  [1m[35mCOMMIT[0m
  ↳ app/models/user.rb:17
Redirected to http://localhost:3000/session/new
Completed 302 Found in 7ms (ActiveRecord: 2.4ms)


Started GET "/session/new" for 127.0.0.1 at 2018-12-20 11:45:49 -0500
Processing by SessionsController#new as HTML
  Rendering sessions/new.html.erb within layouts/application
  Rendered sessions/new.html.erb within layouts/application (0.6ms)
  [1m[36mUser Load (0.5ms)[0m  [1m[34mSELECT  "users".* FROM "users" WHERE "users"."session_token" IS NULL LIMIT $1[0m  [["LIMIT", 1]]
  ↳ app/controllers/application_controller.rb:5
Completed 200 OK in 46ms (Views: 44.7ms | ActiveRecord: 0.5ms)


Started POST "/session" for 127.0.0.1 at 2018-12-20 11:46:32 -0500
Processing by SessionsController#create as HTML
  Parameters: {"authenticity_token"=>"AqGHNHvA9gH0iWWp68yaQTx3OdI9gMY7nWHqDoK4/XB2W+7GptgrSSvTEbEJ2zlUFBv7G/aFaUjfLNnXDMHEkA==", "user"=>{"email"=>"mi@gmail.com", "password"=>"[FILTERED]"}}
  [1m[36mUser Load (0.5ms)[0m  [1m[34mSELECT  "users".* FROM "users" WHERE "users"."email" = $1 LIMIT $2[0m  [["email", "mi@gmail.com"], ["LIMIT", 1]]
  ↳ app/models/user.rb:12
  [1m[35m (0.3ms)[0m  [1m[35mBEGIN[0m
  ↳ app/models/user.rb:17
  [1m[36mUser Exists (0.5ms)[0m  [1m[34mSELECT  1 AS one FROM "users" WHERE "users"."email" = $1 AND "users"."id" != $2 LIMIT $3[0m  [["email", "mi@gmail.com"], ["id", 2], ["LIMIT", 1]]
  ↳ app/models/user.rb:17
  [1m[36mUser Exists (0.4ms)[0m  [1m[34mSELECT  1 AS one FROM "users" WHERE "users"."session_token" = $1 AND "users"."id" != $2 LIMIT $3[0m  [["session_token", "VRKHu2eregfOfdUTD-6qQQ"], ["id", 2], ["LIMIT", 1]]
  ↳ app/models/user.rb:17
  [1m[36mUser Update (0.5ms)[0m  [1m[33mUPDATE "users" SET "session_token" = $1, "updated_at" = $2 WHERE "users"."id" = $3[0m  [["session_token", "VRKHu2eregfOfdUTD-6qQQ"], ["updated_at", "2018-12-20 16:46:32.478667"], ["id", 2]]
  ↳ app/models/user.rb:17
  [1m[35m (0.6ms)[0m  [1m[35mCOMMIT[0m
  ↳ app/models/user.rb:17
Redirected to http://localhost:3000/users/2
Completed 302 Found in 95ms (ActiveRecord: 2.8ms)


Started GET "/users/2" for 127.0.0.1 at 2018-12-20 11:46:32 -0500
Processing by UsersController#show as HTML
  Parameters: {"id"=>"2"}
  [1m[36mUser Load (0.4ms)[0m  [1m[34mSELECT  "users".* FROM "users" WHERE "users"."id" = $1 LIMIT $2[0m  [["id", 2], ["LIMIT", 1]]
  ↳ app/controllers/users_controller.rb:21
  Rendering users/show.html.erb within layouts/application
  Rendered users/show.html.erb within layouts/application (0.6ms)
  [1m[36mUser Load (0.4ms)[0m  [1m[34mSELECT  "users".* FROM "users" WHERE "users"."session_token" = $1 LIMIT $2[0m  [["session_token", "VRKHu2eregfOfdUTD-6qQQ"], ["LIMIT", 1]]
  ↳ app/controllers/application_controller.rb:5
Completed 200 OK in 26ms (Views: 24.1ms | ActiveRecord: 0.9ms)


Started GET "/session/new" for 127.0.0.1 at 2018-12-20 11:46:39 -0500
Processing by SessionsController#new as HTML
  Rendering sessions/new.html.erb within layouts/application
  Rendered sessions/new.html.erb within layouts/application (0.6ms)
  [1m[36mUser Load (0.5ms)[0m  [1m[34mSELECT  "users".* FROM "users" WHERE "users"."session_token" = $1 LIMIT $2[0m  [["session_token", "VRKHu2eregfOfdUTD-6qQQ"], ["LIMIT", 1]]
  ↳ app/controllers/application_controller.rb:5
Completed 200 OK in 24ms (Views: 22.9ms | ActiveRecord: 0.5ms)


Started DELETE "/session" for 127.0.0.1 at 2018-12-20 11:46:44 -0500
Processing by SessionsController#destroy as HTML
  Parameters: {"authenticity_token"=>"QOeFz6T+Rcu1UwlSPVO1KLJXIvFkIB2IkbJfjW+C+SI0Hew9eeaYg2oJfUrfRBY9mjvgOK8lsvvT/2xU4fvAwg=="}
  [1m[36mUser Load (0.4ms)[0m  [1m[34mSELECT  "users".* FROM "users" WHERE "users"."session_token" = $1 LIMIT $2[0m  [["session_token", "VRKHu2eregfOfdUTD-6qQQ"], ["LIMIT", 1]]
  ↳ app/controllers/application_controller.rb:5
  [1m[35m (0.2ms)[0m  [1m[35mBEGIN[0m
  ↳ app/models/user.rb:17
  [1m[36mUser Exists (0.4ms)[0m  [1m[34mSELECT  1 AS one FROM "users" WHERE "users"."email" = $1 AND "users"."id" != $2 LIMIT $3[0m  [["email", "mi@gmail.com"], ["id", 2], ["LIMIT", 1]]
  ↳ app/models/user.rb:17
  [1m[36mUser Exists (0.4ms)[0m  [1m[34mSELECT  1 AS one FROM "users" WHERE "users"."session_token" = $1 AND "users"."id" != $2 LIMIT $3[0m  [["session_token", "MstQEdsG-lApk-34NNva0Q"], ["id", 2], ["LIMIT", 1]]
  ↳ app/models/user.rb:17
  [1m[36mUser Update (1.2ms)[0m  [1m[33mUPDATE "users" SET "session_token" = $1, "updated_at" = $2 WHERE "users"."id" = $3[0m  [["session_token", "MstQEdsG-lApk-34NNva0Q"], ["updated_at", "2018-12-20 16:46:44.366742"], ["id", 2]]
  ↳ app/models/user.rb:17
  [1m[35m (0.5ms)[0m  [1m[35mCOMMIT[0m
  ↳ app/models/user.rb:17
Redirected to http://localhost:3000/session/new
Completed 302 Found in 10ms (ActiveRecord: 3.2ms)


Started GET "/session/new" for 127.0.0.1 at 2018-12-20 11:46:44 -0500
Processing by SessionsController#new as HTML
  Rendering sessions/new.html.erb within layouts/application
  Rendered sessions/new.html.erb within layouts/application (0.5ms)
  [1m[36mUser Load (0.5ms)[0m  [1m[34mSELECT  "users".* FROM "users" WHERE "users"."session_token" IS NULL LIMIT $1[0m  [["LIMIT", 1]]
  ↳ app/controllers/application_controller.rb:5
Completed 200 OK in 20ms (Views: 18.9ms | ActiveRecord: 0.5ms)


Started GET "/session/new" for 127.0.0.1 at 2018-12-20 11:46:46 -0500
Processing by SessionsController#new as HTML
  Rendering sessions/new.html.erb within layouts/application
  Rendered sessions/new.html.erb within layouts/application (2.0ms)
  [1m[36mUser Load (0.9ms)[0m  [1m[34mSELECT  "users".* FROM "users" WHERE "users"."session_token" IS NULL LIMIT $1[0m  [["LIMIT", 1]]
  ↳ app/controllers/application_controller.rb:5
Completed 200 OK in 37ms (Views: 35.6ms | ActiveRecord: 0.9ms)


Started GET "/users/new" for 127.0.0.1 at 2018-12-20 11:46:47 -0500
Processing by UsersController#new as HTML
  Rendering users/new.html.erb within layouts/application
  Rendered users/new.html.erb within layouts/application (0.8ms)
  [1m[36mUser Load (0.5ms)[0m  [1m[34mSELECT  "users".* FROM "users" WHERE "users"."session_token" IS NULL LIMIT $1[0m  [["LIMIT", 1]]
  ↳ app/controllers/application_controller.rb:5
Completed 200 OK in 35ms (Views: 33.5ms | ActiveRecord: 0.5ms)


